Removed Pin From Net: NetName=GND Pin=SB1-1
Removed Pin From Net: NetName=GND Pin=SB1-1
Removed Pin From Net: NetName=BOOT Pin=SB1-2
Removed Pin From Net: NetName=BOOT Pin=SB1-2
Removed Pin From Net: NetName=GND Pin=SB2-1
Removed Pin From Net: NetName=GND Pin=SB2-1
Removed Pin From Net: NetName=EN/RST Pin=SB2-2
Removed Pin From Net: NetName=EN/RST Pin=SB2-2
Removed Member From Class: ClassName=GPSRMC_Emulator Member=SB1
Removed Member From Class: ClassName=GPSRMC_Emulator Member=SB2
Added Component: Designator=S1(BUT_SKRPACE010)
Add component. Clean all parameters for all variants
Add component (AddParameter): Name = "Component Type"; Value = "Кнопка тактовая SMD"; VariantName = "[No Variations]"
Add component (AddParameter): Name = "Datasheet"; Value = "https://static.chipdip.ru/lib/915/DOC041915396.pdf"; VariantName = "[No Variations]"
Add component (AddParameter): Name = "Manufacturer"; Value = "ALPS"; VariantName = "[No Variations]"
Add component (AddParameter): Name = "Package"; Value = "3*4*2.5"; VariantName = "[No Variations]"
Add component (AddParameter): Name = "PartNumber"; Value = "SKRPACE010"; VariantName = "[No Variations]"
Added Component: Designator=S2(BUT_SKRPACE010)
Add component. Clean all parameters for all variants
Add component (AddParameter): Name = "Component Type"; Value = "Кнопка тактовая SMD"; VariantName = "[No Variations]"
Add component (AddParameter): Name = "Datasheet"; Value = "https://static.chipdip.ru/lib/915/DOC041915396.pdf"; VariantName = "[No Variations]"
Add component (AddParameter): Name = "Manufacturer"; Value = "ALPS"; VariantName = "[No Variations]"
Add component (AddParameter): Name = "Package"; Value = "3*4*2.5"; VariantName = "[No Variations]"
Add component (AddParameter): Name = "PartNumber"; Value = "SKRPACE010"; VariantName = "[No Variations]"
Added Component: Designator=X1(CON: PLS-10 - 2.0mm)
Add component. Clean all parameters for all variants
Add component (AddParameter): Name = "ComponentKind"; Value = ""; VariantName = "[No Variations]"
Add component (AddParameter): Name = "HelpURL"; Value = ""; VariantName = "[No Variations]"
Add component (AddParameter): Name = "Manufacturer"; Value = ""; VariantName = "[No Variations]"
Add component (AddParameter): Name = "Model"; Value = ""; VariantName = "[No Variations]"
Added Pin To Net: NetName=EN/RST Pin=DD1-3
Added Pin To Net: NetName=BOOT Pin=DD1-25
Added Pin To Net: NetName=GND Pin=S1-1
Added Pin To Net: NetName=GND Pin=S1-1
Added Pin To Net: NetName=BOOT Pin=S1-2
Added Pin To Net: NetName=BOOT Pin=S1-2
Added Pin To Net: NetName=GND Pin=S2-1
Added Pin To Net: NetName=GND Pin=S2-1
Added Pin To Net: NetName=EN/RST Pin=S2-2
Added Pin To Net: NetName=EN/RST Pin=S2-2
Added Pin To Net: NetName=EN/RST Pin=X2-2
Added Pin To Net: NetName=GPIO5 Pin=DD1-29
Added Pin To Net: NetName=GPIO5 Pin=R4-2
Added Net: Name=GPIO5
Added Pin To Net: NetName=I2C_SCL Pin=D2-16
Added Pin To Net: NetName=I2C_SCL Pin=DD1-36
Added Pin To Net: NetName=I2C_SCL Pin=R5-2
Added Net: Name=I2C_SCL
Added Pin To Net: NetName=I2C_SDA Pin=D2-15
Added Pin To Net: NetName=I2C_SDA Pin=DD1-33
Added Pin To Net: NetName=I2C_SDA Pin=R6-2
Added Net: Name=I2C_SDA
Added Pin To Net: NetName=IO_2 Pin=R7-1
Added Net: Name=IO_2
Added Pin To Net: NetName=RX0 Pin=DD1-34
Added Pin To Net: NetName=RX0 Pin=X2-4
Added Net: Name=RX0
Added Pin To Net: NetName=RX2 Pin=DD1-27
Added Net: Name=RX2
Added Pin To Net: NetName=TX0 Pin=DD1-35
Added Pin To Net: NetName=TX0 Pin=X2-3
Added Net: Name=TX0
Added Pin To Net: NetName=TX2 Pin=DD1-28
Added Net: Name=TX2
Added Pin To Net: NetName=VD_ST Pin=DD1-13
Added Pin To Net: NetName=VD_ST Pin=R8-2
Added Net: Name=VD_ST
Added Member To Class: ClassName=GPSRMC_Emulator Member=Component S1 BOOT
Added Member To Class: ClassName=GPSRMC_Emulator Member=Component S2 RST
Added Member To Class: ClassName=GPSRMC_Emulator Member=Component X1 *
