Remove Pin=D2-15 From Net=I2C_SDA
Remove Pin=D2-16 From Net=I2C_SCL
Remove Pin=DD1.1-3 From Net=EN/RST
Remove Pin=DD1.1-13 From Net=VD_ST
Remove Pin=DD1.1-25 From Net=BOOT
Remove Pin=DD1.1-27 From Net=RX2
Remove Pin=DD1.1-28 From Net=TX2
Remove Pin=DD1.1-29 From Net=GPIO5
Remove Pin=DD1.1-33 From Net=I2C_SDA
Remove Pin=DD1.1-34 From Net=RX0
Remove Pin=DD1.1-35 From Net=TX0
Remove Pin=DD1.1-36 From Net=I2C_SCL
Remove Pin=R4-2 From Net=GPIO5
Remove Pin=R5-2 From Net=I2C_SCL
Remove Pin=R6-2 From Net=I2C_SDA
Remove Pin=R7-1 From Net=IO_2
Remove Pin=R8-2 From Net=VD_ST
Remove Pin=X2-2 From Net=EN/RST
Remove Pin=X2-3 From Net=TX0
Remove Pin=X2-4 From Net=RX0
Change Component Footprint: Designator=X1 Old Footprint=CON: PLS-10 - 2.0mm New Footprint=PLS2_10
Change Component Comment: Designator=X1 Old Comment==Model New Comment=
